/*C12*/SET SCHEMA PUBLIC
DELETE FROM DATABASECHANGELOGLOCK WHERE ID=1
INSERT INTO DATABASECHANGELOGLOCK VALUES(1,TRUE,'2022-06-20 16:33:10.633000','10.8.31.191 (10.8.31.191)')
COMMIT
DELETE FROM DATABASECHANGELOGLOCK WHERE ID=1
INSERT INTO DATABASECHANGELOGLOCK VALUES(1,FALSE,NULL,NULL)
COMMIT
DELETE FROM ATLASSIAN_HOST WHERE CLIENT_KEY='6e60ecba-f605-378e-a0f4-970beb414a4f'
INSERT INTO ATLASSIAN_HOST VALUES('6e60ecba-f605-378e-a0f4-970beb414a4f','MIGfMA0GCSqGSIb3DQEBAQUAA4GNADCBiQKBgQC8howJc6b5tnNN58kx3UAF18nSZs1SDGkKCTkE43mPgOJhosMPkJGGSNVB56qYfGCcBt1Yg7cirt7U+9t9MHZ10+IMkqlZsy0BVW0i9X8Ws8lgnurcP4wjm++QMHsxq2ZirMGmnZwWxezJNPrYDjvC+r17cXrLoQRBcWa4sHcM9QIDAQAB','ATCO7wBGWypECo4UXwRgzTAw9dTU02bI02Q8e9DdbC4uZ-cO_ohpyCXRsJo83hop-ikpTowmFWAHVXrGp1B7hf5n0Q233C96BD','https://jira-to-neo.atlassian.net','jira','Atlassian JIRA at https://jira-to-neo.atlassian.net ',NULL,TRUE,'2022-06-18 17:14:51.775000','2022-06-20 16:33:55.410000',NULL,'61f3b5ef9e89390069310f27',NULL)
COMMIT
/*C18*/SET SCHEMA PUBLIC
DISCONNECT
/*C15*/SET SCHEMA PUBLIC
DISCONNECT
/*C16*/SET SCHEMA PUBLIC
DISCONNECT
/*C17*/SET SCHEMA PUBLIC
DISCONNECT
/*C20*/SET SCHEMA PUBLIC
DISCONNECT
/*C21*/SET SCHEMA PUBLIC
DISCONNECT
/*C13*/SET SCHEMA PUBLIC
DISCONNECT
/*C19*/SET SCHEMA PUBLIC
DISCONNECT
/*C14*/SET SCHEMA PUBLIC
DISCONNECT
/*C12*/DISCONNECT
/*C22*/SET SCHEMA PUBLIC
DISCONNECT
/*C23*/SET SCHEMA PUBLIC
DISCONNECT
/*C26*/SET SCHEMA PUBLIC
DISCONNECT
/*C25*/SET SCHEMA PUBLIC
DISCONNECT
/*C24*/SET SCHEMA PUBLIC
DISCONNECT
/*C27*/SET SCHEMA PUBLIC
DISCONNECT
/*C31*/SET SCHEMA PUBLIC
DISCONNECT
/*C28*/SET SCHEMA PUBLIC
DISCONNECT
/*C30*/SET SCHEMA PUBLIC
DISCONNECT
/*C29*/SET SCHEMA PUBLIC
DISCONNECT
/*C32*/SET SCHEMA PUBLIC
DISCONNECT
/*C33*/SET SCHEMA PUBLIC
DISCONNECT
/*C34*/SET SCHEMA PUBLIC
DISCONNECT
/*C35*/SET SCHEMA PUBLIC
DISCONNECT
/*C36*/SET SCHEMA PUBLIC
DISCONNECT
/*C37*/SET SCHEMA PUBLIC
DISCONNECT
/*C38*/SET SCHEMA PUBLIC
DISCONNECT
/*C39*/SET SCHEMA PUBLIC
DISCONNECT
/*C40*/SET SCHEMA PUBLIC
DISCONNECT
/*C41*/SET SCHEMA PUBLIC
DISCONNECT
